{"uid":"102e32652d4f9fbb","name":"test_registration_wrong_email[user@teszt.h]","fullName":"Sprint_1.POM.Registration.test_registration_negative_email.TestTC#test_registration_wrong_email","historyId":"b39fb7d880895128dcdbbdfb23ab0ca8","time":{"start":1750660291485,"stop":1750660296811,"duration":5326},"status":"broken","statusMessage":"selenium.common.exceptions.TimeoutException: Message: \nStacktrace:\n#0 0x55f871091c9a <unknown>\n#1 0x55f870b376e0 <unknown>\n#2 0x55f870b89117 <unknown>\n#3 0x55f870b89311 <unknown>\n#4 0x55f870bd7ec4 <unknown>\n#5 0x55f870baee5d <unknown>\n#6 0x55f870bd52cc <unknown>\n#7 0x55f870baec03 <unknown>\n#8 0x55f870b7b47b <unknown>\n#9 0x55f870b7c0e1 <unknown>\n#10 0x55f87105644b <unknown>\n#11 0x55f87105a37f <unknown>\n#12 0x55f87103df89 <unknown>\n#13 0x55f87105af18 <unknown>\n#14 0x55f8710226df <unknown>\n#15 0x55f87107f308 <unknown>\n#16 0x55f87107f4e6 <unknown>\n#17 0x55f871090b76 <unknown>\n#18 0x7fd3b529caa4 <unknown>\n#19 0x7fd3b5329c3c <unknown>","statusTrace":"self = <test_registration_negative_email.TestTC object at 0x7f8ead3831c0>\nemail = 'user@teszt.h'\n\n    @pytest.mark.parametrize(\"email\", load_test_data())\n    def test_registration_wrong_email(self, email):\n        self.pageRegistration.input_reg_email().send_keys(email)\n        self.pageRegistration.input_reg_user().send_keys(self.username)\n    \n>       assert self.pageRegistration.error_message_wrong_email().text == 'Not a valid email'\n\nSprint_1/POM/Registration/test_registration_negative_email.py:38: \n_ _ _ _ _ _ _ _ _ _ _ _ _ _ _ _ _ _ _ _ _ _ _ _ _ _ _ _ _ _ _ _ _ _ _ _ _ _ _ _ \nSprint_1/POM/Pages/RegistrationPage.py:55: in error_message_wrong_email\n    return self.error_message(self.input_reg_email())\nSprint_1/POM/Pages/GeneralPage.py:67: in error_message\n    return self.webelement_by_id(f'{attribute}')\nSprint_1/POM/Pages/GeneralPage.py:41: in webelement_by_id\n    return self.wait.until(EC.element_to_be_clickable((By.ID, f'{id}')))\n_ _ _ _ _ _ _ _ _ _ _ _ _ _ _ _ _ _ _ _ _ _ _ _ _ _ _ _ _ _ _ _ _ _ _ _ _ _ _ _ \n\nself = <selenium.webdriver.support.wait.WebDriverWait (session=\"cd2e5fad35db68082e1439fdd573983f\")>\nmethod = <function element_to_be_clickable.<locals>._predicate at 0x7f8eac9260e0>\nmessage = ''\n\n    def until(self, method: Callable[[D], Union[Literal[False], T]], message: str = \"\") -> T:\n        \"\"\"Wait until the method returns a value that is not False.\n    \n        Calls the method provided with the driver as an argument until the\n        return value does not evaluate to ``False``.\n    \n        Parameters:\n        -----------\n        method: callable(WebDriver)\n            - A callable object that takes a WebDriver instance as an argument.\n    \n        message: str\n            - Optional message for :exc:`TimeoutException`\n    \n        Return:\n        -------\n        object: T\n            - The result of the last call to `method`\n    \n        Raises:\n        -------\n        TimeoutException\n            - If 'method' does not return a truthy value within the WebDriverWait\n            object's timeout\n    \n        Example:\n        --------\n        >>> from selenium.webdriver.common.by import By\n        >>> from selenium.webdriver.support.ui import WebDriverWait\n        >>> from selenium.webdriver.support import expected_conditions as EC\n    \n        # Wait until an element is visible on the page\n        >>> wait = WebDriverWait(driver, 10)\n        >>> element = wait.until(EC.visibility_of_element_located((By.ID, \"exampleId\")))\n        >>> print(element.text)\n        \"\"\"\n        screen = None\n        stacktrace = None\n    \n        end_time = time.monotonic() + self._timeout\n        while True:\n            try:\n                value = method(self._driver)\n                if value:\n                    return value\n            except self._ignored_exceptions as exc:\n                screen = getattr(exc, \"screen\", None)\n                stacktrace = getattr(exc, \"stacktrace\", None)\n            if time.monotonic() > end_time:\n                break\n            time.sleep(self._poll)\n>       raise TimeoutException(message, screen, stacktrace)\nE       selenium.common.exceptions.TimeoutException: Message: \nE       Stacktrace:\nE       #0 0x55f871091c9a <unknown>\nE       #1 0x55f870b376e0 <unknown>\nE       #2 0x55f870b89117 <unknown>\nE       #3 0x55f870b89311 <unknown>\nE       #4 0x55f870bd7ec4 <unknown>\nE       #5 0x55f870baee5d <unknown>\nE       #6 0x55f870bd52cc <unknown>\nE       #7 0x55f870baec03 <unknown>\nE       #8 0x55f870b7b47b <unknown>\nE       #9 0x55f870b7c0e1 <unknown>\nE       #10 0x55f87105644b <unknown>\nE       #11 0x55f87105a37f <unknown>\nE       #12 0x55f87103df89 <unknown>\nE       #13 0x55f87105af18 <unknown>\nE       #14 0x55f8710226df <unknown>\nE       #15 0x55f87107f308 <unknown>\nE       #16 0x55f87107f4e6 <unknown>\nE       #17 0x55f871090b76 <unknown>\nE       #18 0x7fd3b529caa4 <unknown>\nE       #19 0x7fd3b5329c3c <unknown>\n\n/opt/hostedtoolcache/Python/3.10.18/x64/lib/python3.10/site-packages/selenium/webdriver/support/wait.py:138: TimeoutException","flaky":false,"newFailed":false,"newBroken":false,"newPassed":false,"retriesCount":0,"retriesStatusChange":false,"beforeStages":[{"name":"_xunit_setup_method_fixture_TestTC","time":{"start":1750660290795,"stop":1750660291484,"duration":689},"status":"passed","steps":[],"attachments":[],"parameters":[],"shouldDisplayMessage":false,"stepsCount":0,"attachmentsCount":0,"hasContent":false,"attachmentStep":false}],"afterStages":[{"name":"_xunit_setup_method_fixture_TestTC::0","time":{"start":1750660296820,"stop":1750660296881,"duration":61},"status":"passed","steps":[],"attachments":[],"parameters":[],"shouldDisplayMessage":false,"stepsCount":0,"attachmentsCount":0,"hasContent":false,"attachmentStep":false}],"labels":[{"name":"parentSuite","value":"Sprint_1.POM.Registration"},{"name":"suite","value":"test_registration_negative_email"},{"name":"subSuite","value":"TestTC"},{"name":"host","value":"fv-az798-750"},{"name":"thread","value":"3296-MainThread"},{"name":"framework","value":"pytest"},{"name":"language","value":"cpython3"},{"name":"package","value":"Sprint_1.POM.Registration.test_registration_negative_email"},{"name":"resultFormat","value":"allure2"}],"parameters":[{"name":"email","value":"'user@teszt.h'"}],"links":[],"hidden":false,"retry":false,"extra":{"severity":"normal","retries":[],"categories":[{"name":"Test defects","matchedStatuses":[],"flaky":false}],"tags":[]},"source":"102e32652d4f9fbb.json","parameterValues":["'user@teszt.h'"]}