{"uid":"168956516c0f2edf","name":"test_purchase_process","fullName":"Sprint_1.POM.Purchase.test_mycart.TestTC#test_purchase_process","historyId":"99859384a61ef5fad671db0df418865b","time":{"start":1750660204846,"stop":1750660210547,"duration":5701},"status":"broken","statusMessage":"selenium.common.exceptions.TimeoutException: Message: \nStacktrace:\n#0 0x557d6d24ac9a <unknown>\n#1 0x557d6ccf06e0 <unknown>\n#2 0x557d6cd42117 <unknown>\n#3 0x557d6cd42311 <unknown>\n#4 0x557d6cd90ec4 <unknown>\n#5 0x557d6cd67e5d <unknown>\n#6 0x557d6cd8e2cc <unknown>\n#7 0x557d6cd67c03 <unknown>\n#8 0x557d6cd3447b <unknown>\n#9 0x557d6cd350e1 <unknown>\n#10 0x557d6d20f44b <unknown>\n#11 0x557d6d21337f <unknown>\n#12 0x557d6d1f6f89 <unknown>\n#13 0x557d6d213f18 <unknown>\n#14 0x557d6d1db6df <unknown>\n#15 0x557d6d238308 <unknown>\n#16 0x557d6d2384e6 <unknown>\n#17 0x557d6d249b76 <unknown>\n#18 0x7fe75629caa4 <unknown>\n#19 0x7fe756329c3c <unknown>","statusTrace":"self = <test_mycart.TestTC object at 0x7f8ead338c40>\n\n    def test_purchase_process(self):\n        # 2. Login\n        self.pageLogin.get()\n        self.pageLogin.login_user(username=\"Mercedesz\", password=\"Teszt1234!\")\n    \n>       logout_icon = self.pageLogin.webelement_by_xpath(\"//mat-icon[text()='logout']\")\n\nSprint_1/POM/Purchase/test_mycart.py:29: \n_ _ _ _ _ _ _ _ _ _ _ _ _ _ _ _ _ _ _ _ _ _ _ _ _ _ _ _ _ _ _ _ _ _ _ _ _ _ _ _ \nSprint_1/POM/Pages/GeneralPage.py:35: in webelement_by_xpath\n    return self.wait.until(EC.element_to_be_clickable((By.XPATH, f'{xpath}')))\n_ _ _ _ _ _ _ _ _ _ _ _ _ _ _ _ _ _ _ _ _ _ _ _ _ _ _ _ _ _ _ _ _ _ _ _ _ _ _ _ \n\nself = <selenium.webdriver.support.wait.WebDriverWait (session=\"005a6a61618d650ca1a0d25f9d97bb5c\")>\nmethod = <function element_to_be_clickable.<locals>._predicate at 0x7f8ead2a2680>\nmessage = ''\n\n    def until(self, method: Callable[[D], Union[Literal[False], T]], message: str = \"\") -> T:\n        \"\"\"Wait until the method returns a value that is not False.\n    \n        Calls the method provided with the driver as an argument until the\n        return value does not evaluate to ``False``.\n    \n        Parameters:\n        -----------\n        method: callable(WebDriver)\n            - A callable object that takes a WebDriver instance as an argument.\n    \n        message: str\n            - Optional message for :exc:`TimeoutException`\n    \n        Return:\n        -------\n        object: T\n            - The result of the last call to `method`\n    \n        Raises:\n        -------\n        TimeoutException\n            - If 'method' does not return a truthy value within the WebDriverWait\n            object's timeout\n    \n        Example:\n        --------\n        >>> from selenium.webdriver.common.by import By\n        >>> from selenium.webdriver.support.ui import WebDriverWait\n        >>> from selenium.webdriver.support import expected_conditions as EC\n    \n        # Wait until an element is visible on the page\n        >>> wait = WebDriverWait(driver, 10)\n        >>> element = wait.until(EC.visibility_of_element_located((By.ID, \"exampleId\")))\n        >>> print(element.text)\n        \"\"\"\n        screen = None\n        stacktrace = None\n    \n        end_time = time.monotonic() + self._timeout\n        while True:\n            try:\n                value = method(self._driver)\n                if value:\n                    return value\n            except self._ignored_exceptions as exc:\n                screen = getattr(exc, \"screen\", None)\n                stacktrace = getattr(exc, \"stacktrace\", None)\n            if time.monotonic() > end_time:\n                break\n            time.sleep(self._poll)\n>       raise TimeoutException(message, screen, stacktrace)\nE       selenium.common.exceptions.TimeoutException: Message: \nE       Stacktrace:\nE       #0 0x557d6d24ac9a <unknown>\nE       #1 0x557d6ccf06e0 <unknown>\nE       #2 0x557d6cd42117 <unknown>\nE       #3 0x557d6cd42311 <unknown>\nE       #4 0x557d6cd90ec4 <unknown>\nE       #5 0x557d6cd67e5d <unknown>\nE       #6 0x557d6cd8e2cc <unknown>\nE       #7 0x557d6cd67c03 <unknown>\nE       #8 0x557d6cd3447b <unknown>\nE       #9 0x557d6cd350e1 <unknown>\nE       #10 0x557d6d20f44b <unknown>\nE       #11 0x557d6d21337f <unknown>\nE       #12 0x557d6d1f6f89 <unknown>\nE       #13 0x557d6d213f18 <unknown>\nE       #14 0x557d6d1db6df <unknown>\nE       #15 0x557d6d238308 <unknown>\nE       #16 0x557d6d2384e6 <unknown>\nE       #17 0x557d6d249b76 <unknown>\nE       #18 0x7fe75629caa4 <unknown>\nE       #19 0x7fe756329c3c <unknown>\n\n/opt/hostedtoolcache/Python/3.10.18/x64/lib/python3.10/site-packages/selenium/webdriver/support/wait.py:138: TimeoutException","flaky":false,"newFailed":false,"newBroken":false,"newPassed":false,"retriesCount":0,"retriesStatusChange":false,"beforeStages":[{"name":"_xunit_setup_method_fixture_TestTC","time":{"start":1750660204133,"stop":1750660204846,"duration":713},"status":"passed","steps":[],"attachments":[],"parameters":[],"shouldDisplayMessage":false,"stepsCount":0,"attachmentsCount":0,"hasContent":false,"attachmentStep":false}],"afterStages":[{"name":"_xunit_setup_method_fixture_TestTC::0","time":{"start":1750660210554,"stop":1750660210616,"duration":62},"status":"passed","steps":[],"attachments":[],"parameters":[],"shouldDisplayMessage":false,"stepsCount":0,"attachmentsCount":0,"hasContent":false,"attachmentStep":false}],"labels":[{"name":"parentSuite","value":"Sprint_1.POM.Purchase"},{"name":"suite","value":"test_mycart"},{"name":"subSuite","value":"TestTC"},{"name":"host","value":"fv-az798-750"},{"name":"thread","value":"3296-MainThread"},{"name":"framework","value":"pytest"},{"name":"language","value":"cpython3"},{"name":"package","value":"Sprint_1.POM.Purchase.test_mycart"},{"name":"resultFormat","value":"allure2"}],"parameters":[],"links":[],"hidden":false,"retry":false,"extra":{"severity":"normal","retries":[],"categories":[{"name":"Test defects","matchedStatuses":[],"flaky":false}],"tags":[]},"source":"168956516c0f2edf.json","parameterValues":[]}