{"uid":"32b1a0d8a8988d5e","name":"test_purchase_process_invalid_name","fullName":"Sprint_1.POM.Purchase.test_puchase_process_invalid_name.TestTC#test_purchase_process_invalid_name","historyId":"41a3ea977d0c9fef4f9d9f60b139a920","time":{"start":1750660223985,"stop":1750660229558,"duration":5573},"status":"broken","statusMessage":"selenium.common.exceptions.TimeoutException: Message: \nStacktrace:\n#0 0x564ec513ac9a <unknown>\n#1 0x564ec4be06e0 <unknown>\n#2 0x564ec4c32117 <unknown>\n#3 0x564ec4c32311 <unknown>\n#4 0x564ec4c80ec4 <unknown>\n#5 0x564ec4c57e5d <unknown>\n#6 0x564ec4c7e2cc <unknown>\n#7 0x564ec4c57c03 <unknown>\n#8 0x564ec4c2447b <unknown>\n#9 0x564ec4c250e1 <unknown>\n#10 0x564ec50ff44b <unknown>\n#11 0x564ec510337f <unknown>\n#12 0x564ec50e6f89 <unknown>\n#13 0x564ec5103f18 <unknown>\n#14 0x564ec50cb6df <unknown>\n#15 0x564ec5128308 <unknown>\n#16 0x564ec51284e6 <unknown>\n#17 0x564ec5139b76 <unknown>\n#18 0x7fc9ab49caa4 <unknown>\n#19 0x7fc9ab529c3c <unknown>","statusTrace":"self = <test_puchase_process_invalid_name.TestTC object at 0x7f8ead32a2f0>\n\n    def test_purchase_process_invalid_name(self):\n    \n        # 2. Login\n        self.pageLogin.get()\n        self.pageLogin.login_user(username=\"Mercedesz\", password=\"Teszt1234!\")\n    \n>       assert self.pageMain.button_logOut().is_displayed()\n\nSprint_1/POM/Purchase/test_puchase_process_invalid_name.py:28: \n_ _ _ _ _ _ _ _ _ _ _ _ _ _ _ _ _ _ _ _ _ _ _ _ _ _ _ _ _ _ _ _ _ _ _ _ _ _ _ _ \nSprint_1/POM/Pages/MainPage.py:36: in button_logOut\n    return self.webelement_by_id('button_logOut')\nSprint_1/POM/Pages/GeneralPage.py:41: in webelement_by_id\n    return self.wait.until(EC.element_to_be_clickable((By.ID, f'{id}')))\n_ _ _ _ _ _ _ _ _ _ _ _ _ _ _ _ _ _ _ _ _ _ _ _ _ _ _ _ _ _ _ _ _ _ _ _ _ _ _ _ \n\nself = <selenium.webdriver.support.wait.WebDriverWait (session=\"02a8df0b9f8efb8878382a8e4eeed64a\")>\nmethod = <function element_to_be_clickable.<locals>._predicate at 0x7f8ead2a3520>\nmessage = ''\n\n    def until(self, method: Callable[[D], Union[Literal[False], T]], message: str = \"\") -> T:\n        \"\"\"Wait until the method returns a value that is not False.\n    \n        Calls the method provided with the driver as an argument until the\n        return value does not evaluate to ``False``.\n    \n        Parameters:\n        -----------\n        method: callable(WebDriver)\n            - A callable object that takes a WebDriver instance as an argument.\n    \n        message: str\n            - Optional message for :exc:`TimeoutException`\n    \n        Return:\n        -------\n        object: T\n            - The result of the last call to `method`\n    \n        Raises:\n        -------\n        TimeoutException\n            - If 'method' does not return a truthy value within the WebDriverWait\n            object's timeout\n    \n        Example:\n        --------\n        >>> from selenium.webdriver.common.by import By\n        >>> from selenium.webdriver.support.ui import WebDriverWait\n        >>> from selenium.webdriver.support import expected_conditions as EC\n    \n        # Wait until an element is visible on the page\n        >>> wait = WebDriverWait(driver, 10)\n        >>> element = wait.until(EC.visibility_of_element_located((By.ID, \"exampleId\")))\n        >>> print(element.text)\n        \"\"\"\n        screen = None\n        stacktrace = None\n    \n        end_time = time.monotonic() + self._timeout\n        while True:\n            try:\n                value = method(self._driver)\n                if value:\n                    return value\n            except self._ignored_exceptions as exc:\n                screen = getattr(exc, \"screen\", None)\n                stacktrace = getattr(exc, \"stacktrace\", None)\n            if time.monotonic() > end_time:\n                break\n            time.sleep(self._poll)\n>       raise TimeoutException(message, screen, stacktrace)\nE       selenium.common.exceptions.TimeoutException: Message: \nE       Stacktrace:\nE       #0 0x564ec513ac9a <unknown>\nE       #1 0x564ec4be06e0 <unknown>\nE       #2 0x564ec4c32117 <unknown>\nE       #3 0x564ec4c32311 <unknown>\nE       #4 0x564ec4c80ec4 <unknown>\nE       #5 0x564ec4c57e5d <unknown>\nE       #6 0x564ec4c7e2cc <unknown>\nE       #7 0x564ec4c57c03 <unknown>\nE       #8 0x564ec4c2447b <unknown>\nE       #9 0x564ec4c250e1 <unknown>\nE       #10 0x564ec50ff44b <unknown>\nE       #11 0x564ec510337f <unknown>\nE       #12 0x564ec50e6f89 <unknown>\nE       #13 0x564ec5103f18 <unknown>\nE       #14 0x564ec50cb6df <unknown>\nE       #15 0x564ec5128308 <unknown>\nE       #16 0x564ec51284e6 <unknown>\nE       #17 0x564ec5139b76 <unknown>\nE       #18 0x7fc9ab49caa4 <unknown>\nE       #19 0x7fc9ab529c3c <unknown>\n\n/opt/hostedtoolcache/Python/3.10.18/x64/lib/python3.10/site-packages/selenium/webdriver/support/wait.py:138: TimeoutException","flaky":false,"newFailed":false,"newBroken":false,"newPassed":false,"retriesCount":0,"retriesStatusChange":false,"beforeStages":[{"name":"_xunit_setup_method_fixture_TestTC","time":{"start":1750660223288,"stop":1750660223985,"duration":697},"status":"passed","steps":[],"attachments":[],"parameters":[],"shouldDisplayMessage":false,"stepsCount":0,"attachmentsCount":0,"hasContent":false,"attachmentStep":false}],"afterStages":[{"name":"_xunit_setup_method_fixture_TestTC::0","time":{"start":1750660229566,"stop":1750660229627,"duration":61},"status":"passed","steps":[],"attachments":[],"parameters":[],"shouldDisplayMessage":false,"stepsCount":0,"attachmentsCount":0,"hasContent":false,"attachmentStep":false}],"labels":[{"name":"parentSuite","value":"Sprint_1.POM.Purchase"},{"name":"suite","value":"test_puchase_process_invalid_name"},{"name":"subSuite","value":"TestTC"},{"name":"host","value":"fv-az798-750"},{"name":"thread","value":"3296-MainThread"},{"name":"framework","value":"pytest"},{"name":"language","value":"cpython3"},{"name":"package","value":"Sprint_1.POM.Purchase.test_puchase_process_invalid_name"},{"name":"resultFormat","value":"allure2"}],"parameters":[],"links":[],"hidden":false,"retry":false,"extra":{"severity":"normal","retries":[],"categories":[{"name":"Test defects","matchedStatuses":[],"flaky":false}],"tags":[]},"source":"32b1a0d8a8988d5e.json","parameterValues":[]}