{"uid":"75d39e254cf1611c","name":"test_registration","fullName":"Sprint_1.POM.Registration.test_registration_login_positive.TestTC#test_registration","historyId":"bc54f4fa6015337020972e285a4dfd8b","time":{"start":1750660249351,"stop":1750660254926,"duration":5575},"status":"broken","statusMessage":"selenium.common.exceptions.TimeoutException: Message: \nStacktrace:\n#0 0x55d2902d3c9a <unknown>\n#1 0x55d28fd796e0 <unknown>\n#2 0x55d28fdcb117 <unknown>\n#3 0x55d28fdcb311 <unknown>\n#4 0x55d28fe19ec4 <unknown>\n#5 0x55d28fdf0e5d <unknown>\n#6 0x55d28fe172cc <unknown>\n#7 0x55d28fdf0c03 <unknown>\n#8 0x55d28fdbd47b <unknown>\n#9 0x55d28fdbe0e1 <unknown>\n#10 0x55d29029844b <unknown>\n#11 0x55d29029c37f <unknown>\n#12 0x55d29027ff89 <unknown>\n#13 0x55d29029cf18 <unknown>\n#14 0x55d2902646df <unknown>\n#15 0x55d2902c1308 <unknown>\n#16 0x55d2902c14e6 <unknown>\n#17 0x55d2902d2b76 <unknown>\n#18 0x7f622de9caa4 <unknown>\n#19 0x7f622df29c3c <unknown>","statusTrace":"self = <test_registration_login_positive.TestTC object at 0x7f8ead33a0b0>\n\n    def test_registration(self):\n        username = self.username\n        email = self.e_mail\n        password = 'Teszt1234!'\n    \n        self.pageRegistration.register_user(username, email, password)\n>       assert self.pageRegistration.success_message().is_enabled()\n\nSprint_1/POM/Registration/test_registration_login_positive.py:25: \n_ _ _ _ _ _ _ _ _ _ _ _ _ _ _ _ _ _ _ _ _ _ _ _ _ _ _ _ _ _ _ _ _ _ _ _ _ _ _ _ \nSprint_1/POM/Pages/RegistrationPage.py:31: in success_message\n    return self.webelement_by_xpath('//div[@class=\"success_message ng-star-inserted\"]')\nSprint_1/POM/Pages/GeneralPage.py:35: in webelement_by_xpath\n    return self.wait.until(EC.element_to_be_clickable((By.XPATH, f'{xpath}')))\n_ _ _ _ _ _ _ _ _ _ _ _ _ _ _ _ _ _ _ _ _ _ _ _ _ _ _ _ _ _ _ _ _ _ _ _ _ _ _ _ \n\nself = <selenium.webdriver.support.wait.WebDriverWait (session=\"a7228e411b7e04bdc71936d86d923aef\")>\nmethod = <function element_to_be_clickable.<locals>._predicate at 0x7f8ead2a2320>\nmessage = ''\n\n    def until(self, method: Callable[[D], Union[Literal[False], T]], message: str = \"\") -> T:\n        \"\"\"Wait until the method returns a value that is not False.\n    \n        Calls the method provided with the driver as an argument until the\n        return value does not evaluate to ``False``.\n    \n        Parameters:\n        -----------\n        method: callable(WebDriver)\n            - A callable object that takes a WebDriver instance as an argument.\n    \n        message: str\n            - Optional message for :exc:`TimeoutException`\n    \n        Return:\n        -------\n        object: T\n            - The result of the last call to `method`\n    \n        Raises:\n        -------\n        TimeoutException\n            - If 'method' does not return a truthy value within the WebDriverWait\n            object's timeout\n    \n        Example:\n        --------\n        >>> from selenium.webdriver.common.by import By\n        >>> from selenium.webdriver.support.ui import WebDriverWait\n        >>> from selenium.webdriver.support import expected_conditions as EC\n    \n        # Wait until an element is visible on the page\n        >>> wait = WebDriverWait(driver, 10)\n        >>> element = wait.until(EC.visibility_of_element_located((By.ID, \"exampleId\")))\n        >>> print(element.text)\n        \"\"\"\n        screen = None\n        stacktrace = None\n    \n        end_time = time.monotonic() + self._timeout\n        while True:\n            try:\n                value = method(self._driver)\n                if value:\n                    return value\n            except self._ignored_exceptions as exc:\n                screen = getattr(exc, \"screen\", None)\n                stacktrace = getattr(exc, \"stacktrace\", None)\n            if time.monotonic() > end_time:\n                break\n            time.sleep(self._poll)\n>       raise TimeoutException(message, screen, stacktrace)\nE       selenium.common.exceptions.TimeoutException: Message: \nE       Stacktrace:\nE       #0 0x55d2902d3c9a <unknown>\nE       #1 0x55d28fd796e0 <unknown>\nE       #2 0x55d28fdcb117 <unknown>\nE       #3 0x55d28fdcb311 <unknown>\nE       #4 0x55d28fe19ec4 <unknown>\nE       #5 0x55d28fdf0e5d <unknown>\nE       #6 0x55d28fe172cc <unknown>\nE       #7 0x55d28fdf0c03 <unknown>\nE       #8 0x55d28fdbd47b <unknown>\nE       #9 0x55d28fdbe0e1 <unknown>\nE       #10 0x55d29029844b <unknown>\nE       #11 0x55d29029c37f <unknown>\nE       #12 0x55d29027ff89 <unknown>\nE       #13 0x55d29029cf18 <unknown>\nE       #14 0x55d2902646df <unknown>\nE       #15 0x55d2902c1308 <unknown>\nE       #16 0x55d2902c14e6 <unknown>\nE       #17 0x55d2902d2b76 <unknown>\nE       #18 0x7f622de9caa4 <unknown>\nE       #19 0x7f622df29c3c <unknown>\n\n/opt/hostedtoolcache/Python/3.10.18/x64/lib/python3.10/site-packages/selenium/webdriver/support/wait.py:138: TimeoutException","flaky":false,"newFailed":false,"newBroken":false,"newPassed":false,"retriesCount":0,"retriesStatusChange":false,"beforeStages":[{"name":"_xunit_setup_method_fixture_TestTC","time":{"start":1750660248630,"stop":1750660249350,"duration":720},"status":"passed","steps":[],"attachments":[],"parameters":[],"shouldDisplayMessage":false,"stepsCount":0,"attachmentsCount":0,"hasContent":false,"attachmentStep":false}],"afterStages":[{"name":"_xunit_setup_method_fixture_TestTC::0","time":{"start":1750660254935,"stop":1750660254996,"duration":61},"status":"passed","steps":[],"attachments":[],"parameters":[],"shouldDisplayMessage":false,"stepsCount":0,"attachmentsCount":0,"hasContent":false,"attachmentStep":false}],"labels":[{"name":"parentSuite","value":"Sprint_1.POM.Registration"},{"name":"suite","value":"test_registration_login_positive"},{"name":"subSuite","value":"TestTC"},{"name":"host","value":"fv-az798-750"},{"name":"thread","value":"3296-MainThread"},{"name":"framework","value":"pytest"},{"name":"language","value":"cpython3"},{"name":"package","value":"Sprint_1.POM.Registration.test_registration_login_positive"},{"name":"resultFormat","value":"allure2"}],"parameters":[],"links":[],"hidden":false,"retry":false,"extra":{"severity":"normal","retries":[],"categories":[{"name":"Test defects","matchedStatuses":[],"flaky":false}],"tags":[]},"source":"75d39e254cf1611c.json","parameterValues":[]}