{"uid":"b243f85d02e079e3","name":"test_purchase_process_invalid_city","fullName":"Sprint_1.POM.Purchase.test_pruchase_process_invalid_city.TestTC#test_purchase_process_invalid_city","historyId":"44a9d62b96b5ebfa6754563242520e06","time":{"start":1750660211344,"stop":1750660216913,"duration":5569},"status":"broken","statusMessage":"selenium.common.exceptions.TimeoutException: Message: \nStacktrace:\n#0 0x5587d6af5c9a <unknown>\n#1 0x5587d659b6e0 <unknown>\n#2 0x5587d65ed117 <unknown>\n#3 0x5587d65ed311 <unknown>\n#4 0x5587d663bec4 <unknown>\n#5 0x5587d6612e5d <unknown>\n#6 0x5587d66392cc <unknown>\n#7 0x5587d6612c03 <unknown>\n#8 0x5587d65df47b <unknown>\n#9 0x5587d65e00e1 <unknown>\n#10 0x5587d6aba44b <unknown>\n#11 0x5587d6abe37f <unknown>\n#12 0x5587d6aa1f89 <unknown>\n#13 0x5587d6abef18 <unknown>\n#14 0x5587d6a866df <unknown>\n#15 0x5587d6ae3308 <unknown>\n#16 0x5587d6ae34e6 <unknown>\n#17 0x5587d6af4b76 <unknown>\n#18 0x7f70f8c9caa4 <unknown>\n#19 0x7f70f8d29c3c <unknown>","statusTrace":"self = <test_pruchase_process_invalid_city.TestTC object at 0x7f8ead32b130>\n\n    def test_purchase_process_invalid_city(self):\n        # 2. Login\n        self.pageLogin.get()\n        self.pageLogin.login_user(username=\"Mercedesz\", password=\"Teszt1234!\")\n    \n>       assert self.pageMain.button_logOut().is_displayed()\n\nSprint_1/POM/Purchase/test_pruchase_process_invalid_city.py:27: \n_ _ _ _ _ _ _ _ _ _ _ _ _ _ _ _ _ _ _ _ _ _ _ _ _ _ _ _ _ _ _ _ _ _ _ _ _ _ _ _ \nSprint_1/POM/Pages/MainPage.py:36: in button_logOut\n    return self.webelement_by_id('button_logOut')\nSprint_1/POM/Pages/GeneralPage.py:41: in webelement_by_id\n    return self.wait.until(EC.element_to_be_clickable((By.ID, f'{id}')))\n_ _ _ _ _ _ _ _ _ _ _ _ _ _ _ _ _ _ _ _ _ _ _ _ _ _ _ _ _ _ _ _ _ _ _ _ _ _ _ _ \n\nself = <selenium.webdriver.support.wait.WebDriverWait (session=\"025c2850f15c9e6bd642c7ea063b8e95\")>\nmethod = <function element_to_be_clickable.<locals>._predicate at 0x7f8ead2a2b00>\nmessage = ''\n\n    def until(self, method: Callable[[D], Union[Literal[False], T]], message: str = \"\") -> T:\n        \"\"\"Wait until the method returns a value that is not False.\n    \n        Calls the method provided with the driver as an argument until the\n        return value does not evaluate to ``False``.\n    \n        Parameters:\n        -----------\n        method: callable(WebDriver)\n            - A callable object that takes a WebDriver instance as an argument.\n    \n        message: str\n            - Optional message for :exc:`TimeoutException`\n    \n        Return:\n        -------\n        object: T\n            - The result of the last call to `method`\n    \n        Raises:\n        -------\n        TimeoutException\n            - If 'method' does not return a truthy value within the WebDriverWait\n            object's timeout\n    \n        Example:\n        --------\n        >>> from selenium.webdriver.common.by import By\n        >>> from selenium.webdriver.support.ui import WebDriverWait\n        >>> from selenium.webdriver.support import expected_conditions as EC\n    \n        # Wait until an element is visible on the page\n        >>> wait = WebDriverWait(driver, 10)\n        >>> element = wait.until(EC.visibility_of_element_located((By.ID, \"exampleId\")))\n        >>> print(element.text)\n        \"\"\"\n        screen = None\n        stacktrace = None\n    \n        end_time = time.monotonic() + self._timeout\n        while True:\n            try:\n                value = method(self._driver)\n                if value:\n                    return value\n            except self._ignored_exceptions as exc:\n                screen = getattr(exc, \"screen\", None)\n                stacktrace = getattr(exc, \"stacktrace\", None)\n            if time.monotonic() > end_time:\n                break\n            time.sleep(self._poll)\n>       raise TimeoutException(message, screen, stacktrace)\nE       selenium.common.exceptions.TimeoutException: Message: \nE       Stacktrace:\nE       #0 0x5587d6af5c9a <unknown>\nE       #1 0x5587d659b6e0 <unknown>\nE       #2 0x5587d65ed117 <unknown>\nE       #3 0x5587d65ed311 <unknown>\nE       #4 0x5587d663bec4 <unknown>\nE       #5 0x5587d6612e5d <unknown>\nE       #6 0x5587d66392cc <unknown>\nE       #7 0x5587d6612c03 <unknown>\nE       #8 0x5587d65df47b <unknown>\nE       #9 0x5587d65e00e1 <unknown>\nE       #10 0x5587d6aba44b <unknown>\nE       #11 0x5587d6abe37f <unknown>\nE       #12 0x5587d6aa1f89 <unknown>\nE       #13 0x5587d6abef18 <unknown>\nE       #14 0x5587d6a866df <unknown>\nE       #15 0x5587d6ae3308 <unknown>\nE       #16 0x5587d6ae34e6 <unknown>\nE       #17 0x5587d6af4b76 <unknown>\nE       #18 0x7f70f8c9caa4 <unknown>\nE       #19 0x7f70f8d29c3c <unknown>\n\n/opt/hostedtoolcache/Python/3.10.18/x64/lib/python3.10/site-packages/selenium/webdriver/support/wait.py:138: TimeoutException","flaky":false,"newFailed":false,"newBroken":false,"newPassed":false,"retriesCount":0,"retriesStatusChange":false,"beforeStages":[{"name":"_xunit_setup_method_fixture_TestTC","time":{"start":1750660210618,"stop":1750660211343,"duration":725},"status":"passed","steps":[],"attachments":[],"parameters":[],"shouldDisplayMessage":false,"stepsCount":0,"attachmentsCount":0,"hasContent":false,"attachmentStep":false}],"afterStages":[{"name":"_xunit_setup_method_fixture_TestTC::0","time":{"start":1750660216920,"stop":1750660216981,"duration":61},"status":"passed","steps":[],"attachments":[],"parameters":[],"shouldDisplayMessage":false,"stepsCount":0,"attachmentsCount":0,"hasContent":false,"attachmentStep":false}],"labels":[{"name":"parentSuite","value":"Sprint_1.POM.Purchase"},{"name":"suite","value":"test_pruchase_process_invalid_city"},{"name":"subSuite","value":"TestTC"},{"name":"host","value":"fv-az798-750"},{"name":"thread","value":"3296-MainThread"},{"name":"framework","value":"pytest"},{"name":"language","value":"cpython3"},{"name":"package","value":"Sprint_1.POM.Purchase.test_pruchase_process_invalid_city"},{"name":"resultFormat","value":"allure2"}],"parameters":[],"links":[],"hidden":false,"retry":false,"extra":{"severity":"normal","retries":[],"categories":[{"name":"Test defects","matchedStatuses":[],"flaky":false}],"tags":[]},"source":"b243f85d02e079e3.json","parameterValues":[]}