{"uid":"fa38bccdad450d19","name":"test_new_product","fullName":"Sprint_1.POM.Admin.test_p3_1_new_product_positive.TestTC#test_new_product","historyId":"82080a49fcf8a2a9930e5ac07bfbadb2","time":{"start":1750660164249,"stop":1750660164249,"duration":0},"status":"broken","statusMessage":"selenium.common.exceptions.TimeoutException: Message: \nStacktrace:\n#0 0x556a53193c9a <unknown>\n#1 0x556a52c396e0 <unknown>\n#2 0x556a52c8b117 <unknown>\n#3 0x556a52c8b311 <unknown>\n#4 0x556a52cd9ec4 <unknown>\n#5 0x556a52cb0e5d <unknown>\n#6 0x556a52cd72cc <unknown>\n#7 0x556a52cb0c03 <unknown>\n#8 0x556a52c7d47b <unknown>\n#9 0x556a52c7e0e1 <unknown>\n#10 0x556a5315844b <unknown>\n#11 0x556a5315c37f <unknown>\n#12 0x556a5313ff89 <unknown>\n#13 0x556a5315cf18 <unknown>\n#14 0x556a531246df <unknown>\n#15 0x556a53181308 <unknown>\n#16 0x556a531814e6 <unknown>\n#17 0x556a53192b76 <unknown>\n#18 0x7f12d069caa4 <unknown>\n#19 0x7f12d0729c3c <unknown>","statusTrace":"self = <test_p3_1_new_product_positive.TestTC object at 0x7f8ead667520>\n\n    def setup_method(self):\n        self.browser = generate_preconfigured_browser()\n        self.pageLogin = LoginPageClass(self.browser)\n        self.pageMain = MainPageClass(self.browser)\n        self.pageProduct = NewProductPageClass(self.browser)\n        self.pageLogin.get()\n        # Login\n        self.pageLogin.input_username().send_keys('Nyuszit%20Eszter')\n        self.pageLogin.input_password().send_keys('Teszt1234?')\n        self.pageLogin.button_login().click()\n        # Navigates to New Product page.\n>       self.pageMain.button_newProduct().click()\n\nSprint_1/POM/Admin/test_p3_1_new_product_positive.py:22: \n_ _ _ _ _ _ _ _ _ _ _ _ _ _ _ _ _ _ _ _ _ _ _ _ _ _ _ _ _ _ _ _ _ _ _ _ _ _ _ _ \nSprint_1/POM/Pages/MainPage.py:15: in button_newProduct\n    return self.webelement_by_id('button_newProduct')\nSprint_1/POM/Pages/GeneralPage.py:41: in webelement_by_id\n    return self.wait.until(EC.element_to_be_clickable((By.ID, f'{id}')))\n_ _ _ _ _ _ _ _ _ _ _ _ _ _ _ _ _ _ _ _ _ _ _ _ _ _ _ _ _ _ _ _ _ _ _ _ _ _ _ _ \n\nself = <selenium.webdriver.support.wait.WebDriverWait (session=\"44e55286890e7f0aee06a3a532562de2\")>\nmethod = <function element_to_be_clickable.<locals>._predicate at 0x7f8ead6b5870>\nmessage = ''\n\n    def until(self, method: Callable[[D], Union[Literal[False], T]], message: str = \"\") -> T:\n        \"\"\"Wait until the method returns a value that is not False.\n    \n        Calls the method provided with the driver as an argument until the\n        return value does not evaluate to ``False``.\n    \n        Parameters:\n        -----------\n        method: callable(WebDriver)\n            - A callable object that takes a WebDriver instance as an argument.\n    \n        message: str\n            - Optional message for :exc:`TimeoutException`\n    \n        Return:\n        -------\n        object: T\n            - The result of the last call to `method`\n    \n        Raises:\n        -------\n        TimeoutException\n            - If 'method' does not return a truthy value within the WebDriverWait\n            object's timeout\n    \n        Example:\n        --------\n        >>> from selenium.webdriver.common.by import By\n        >>> from selenium.webdriver.support.ui import WebDriverWait\n        >>> from selenium.webdriver.support import expected_conditions as EC\n    \n        # Wait until an element is visible on the page\n        >>> wait = WebDriverWait(driver, 10)\n        >>> element = wait.until(EC.visibility_of_element_located((By.ID, \"exampleId\")))\n        >>> print(element.text)\n        \"\"\"\n        screen = None\n        stacktrace = None\n    \n        end_time = time.monotonic() + self._timeout\n        while True:\n            try:\n                value = method(self._driver)\n                if value:\n                    return value\n            except self._ignored_exceptions as exc:\n                screen = getattr(exc, \"screen\", None)\n                stacktrace = getattr(exc, \"stacktrace\", None)\n            if time.monotonic() > end_time:\n                break\n            time.sleep(self._poll)\n>       raise TimeoutException(message, screen, stacktrace)\nE       selenium.common.exceptions.TimeoutException: Message: \nE       Stacktrace:\nE       #0 0x556a53193c9a <unknown>\nE       #1 0x556a52c396e0 <unknown>\nE       #2 0x556a52c8b117 <unknown>\nE       #3 0x556a52c8b311 <unknown>\nE       #4 0x556a52cd9ec4 <unknown>\nE       #5 0x556a52cb0e5d <unknown>\nE       #6 0x556a52cd72cc <unknown>\nE       #7 0x556a52cb0c03 <unknown>\nE       #8 0x556a52c7d47b <unknown>\nE       #9 0x556a52c7e0e1 <unknown>\nE       #10 0x556a5315844b <unknown>\nE       #11 0x556a5315c37f <unknown>\nE       #12 0x556a5313ff89 <unknown>\nE       #13 0x556a5315cf18 <unknown>\nE       #14 0x556a531246df <unknown>\nE       #15 0x556a53181308 <unknown>\nE       #16 0x556a531814e6 <unknown>\nE       #17 0x556a53192b76 <unknown>\nE       #18 0x7f12d069caa4 <unknown>\nE       #19 0x7f12d0729c3c <unknown>\n\n/opt/hostedtoolcache/Python/3.10.18/x64/lib/python3.10/site-packages/selenium/webdriver/support/wait.py:138: TimeoutException","flaky":false,"newFailed":false,"newBroken":false,"newPassed":false,"retriesCount":0,"retriesStatusChange":false,"beforeStages":[{"name":"_xunit_setup_method_fixture_TestTC","time":{"start":1750660164250,"stop":1750660185698,"duration":21448},"status":"broken","statusMessage":"selenium.common.exceptions.TimeoutException: Message: \nStacktrace:\n#0 0x556a53193c9a <unknown>\n#1 0x556a52c396e0 <unknown>\n#2 0x556a52c8b117 <unknown>\n#3 0x556a52c8b311 <unknown>\n#4 0x556a52cd9ec4 <unknown>\n#5 0x556a52cb0e5d <unknown>\n#6 0x556a52cd72cc <unknown>\n#7 0x556a52cb0c03 <unknown>\n#8 0x556a52c7d47b <unknown>\n#9 0x556a52c7e0e1 <unknown>\n#10 0x556a5315844b <unknown>\n#11 0x556a5315c37f <unknown>\n#12 0x556a5313ff89 <unknown>\n#13 0x556a5315cf18 <unknown>\n#14 0x556a531246df <unknown>\n#15 0x556a53181308 <unknown>\n#16 0x556a531814e6 <unknown>\n#17 0x556a53192b76 <unknown>\n#18 0x7f12d069caa4 <unknown>\n#19 0x7f12d0729c3c <unknown>\n\n","statusTrace":"  File \"/opt/hostedtoolcache/Python/3.10.18/x64/lib/python3.10/site-packages/pluggy/_callers.py\", line 38, in run_old_style_hookwrapper\n    res = yield\n  File \"/opt/hostedtoolcache/Python/3.10.18/x64/lib/python3.10/site-packages/pluggy/_callers.py\", line 139, in _multicall\n    teardown.throw(exception)\n  File \"/opt/hostedtoolcache/Python/3.10.18/x64/lib/python3.10/site-packages/_pytest/setuponly.py\", line 36, in pytest_fixture_setup\n    return (yield)\n  File \"/opt/hostedtoolcache/Python/3.10.18/x64/lib/python3.10/site-packages/pluggy/_callers.py\", line 121, in _multicall\n    res = hook_impl.function(*args)\n  File \"/opt/hostedtoolcache/Python/3.10.18/x64/lib/python3.10/site-packages/_pytest/fixtures.py\", line 1195, in pytest_fixture_setup\n    result = call_fixture_func(fixturefunc, request, kwargs)\n  File \"/opt/hostedtoolcache/Python/3.10.18/x64/lib/python3.10/site-packages/_pytest/fixtures.py\", line 922, in call_fixture_func\n    fixture_result = next(generator)\n  File \"/opt/hostedtoolcache/Python/3.10.18/x64/lib/python3.10/site-packages/_pytest/python.py\", line 826, in xunit_setup_method_fixture\n    _call_with_optional_argument(func, method)\n  File \"/opt/hostedtoolcache/Python/3.10.18/x64/lib/python3.10/site-packages/_pytest/python.py\", line 722, in _call_with_optional_argument\n    func()\n  File \"/home/runner/work/webshop_projektmunka/webshop_projektmunka/Sprint_1/POM/Admin/test_p3_1_new_product_positive.py\", line 22, in setup_method\n    self.pageMain.button_newProduct().click()\n  File \"/home/runner/work/webshop_projektmunka/webshop_projektmunka/Sprint_1/POM/Pages/MainPage.py\", line 15, in button_newProduct\n    return self.webelement_by_id('button_newProduct')\n  File \"/home/runner/work/webshop_projektmunka/webshop_projektmunka/Sprint_1/POM/Pages/GeneralPage.py\", line 41, in webelement_by_id\n    return self.wait.until(EC.element_to_be_clickable((By.ID, f'{id}')))\n  File \"/opt/hostedtoolcache/Python/3.10.18/x64/lib/python3.10/site-packages/selenium/webdriver/support/wait.py\", line 138, in until\n    raise TimeoutException(message, screen, stacktrace)\n","steps":[],"attachments":[],"parameters":[],"shouldDisplayMessage":true,"stepsCount":0,"attachmentsCount":0,"hasContent":true,"attachmentStep":false}],"afterStages":[],"labels":[{"name":"parentSuite","value":"Sprint_1.POM.Admin"},{"name":"suite","value":"test_p3_1_new_product_positive"},{"name":"subSuite","value":"TestTC"},{"name":"host","value":"fv-az798-750"},{"name":"thread","value":"3296-MainThread"},{"name":"framework","value":"pytest"},{"name":"language","value":"cpython3"},{"name":"package","value":"Sprint_1.POM.Admin.test_p3_1_new_product_positive"},{"name":"resultFormat","value":"allure2"}],"parameters":[],"links":[],"hidden":false,"retry":false,"extra":{"severity":"normal","retries":[],"categories":[{"name":"Test defects","matchedStatuses":[],"flaky":false}],"tags":[]},"source":"fa38bccdad450d19.json","parameterValues":[]}